    1) Zw*Y"
    2) Zw*Y"iE^L
    3) Zw*Y"iE^L*?*G*?*O
    4) ^wG|*\]*%*N5~S_*N*Jo*%'=>}}{:G=:W?R*%j}
    5) =wncz}5k=wncz}5k=wncz}5k=wncz}5k
    6) *E6*T*R-9w2QE*Yb*Exk2y:s{bx*XUo*W*^0'N*U0*V*Q2~f#(v*O*M*V*R*Z_s.<N6*Z:^*FSW*M*I*Qf+z*Npx#*Nw%(W*%#d>m *P1A*M>f)el*RGJera;nEM=>*W7*^cooj*K*SF5k*S~W%h,*F~*C9~*?4*^0I*Nmx@*^V*U*@*C
    7) ByteByte
    8) :g/.*PO812dGab*TAI*Kw*Ku*@*If*WCoHY
    9) Leonhard Euler (1707 - 1783)
   10) *]]!)X7_tl*HU** `*?*G
   11) Hello World!!!
   12) jh*@S*D9me*[*M*^(hs*@*^*\\M.*\\]M`S/D*[JN3+~<[ "O&S*Avx*W*]*ZuU*Q@ran*S*UNWT3*J)k*G~KjC$Hy*\*VY*[*I*X9E~}*P<*PmWo,"eP3)Hj.E*A *G
   13) If there's a problem you can't solve, then there is a simpler problem that you can solve. Find it!
   14) Error
   15) Error
   16) Error
   17) Error
   18) Rmh-d*Dq*K6[*Z*S
   19) Error
   20) Error
   21) Error
   22) Error
   23) *QyVi]7T& k*Z*Cz*Z^u"*?*?*E
   24) ByteByteError
   25) *F*S*TM*J~uX '?o*KL*S~*Z2P#z\Jt$^]}*O1*X***?*I*R*G
   26) m*Q)WI['*IeS=8*[*CX*XW=fOcRU*]*Q*?6*K
   27) Can you decrypt a few stars? *****

